app/build/outputs/logs/manifest-merger-debug-report.txt
-- Merging decision tree log ---
manifest
ADDED from src/main/AndroidManifest.xml:2:1-143:12
	xmlns:android
		ADDED from src/main/AndroidManifest.xml:2:11-69
	package
		ADDED from src/main/AndroidManifest.xml:3:5-35
		INJECTED from src/main/AndroidManifest.xml
		INJECTED from src/main/AndroidManifest.xml
	android:versionName
		INJECTED from src/main/AndroidManifest.xml
		INJECTED from src/main/AndroidManifest.xml
	android:versionCode
		INJECTED from src/main/AndroidManifest.xml
		INJECTED from src/main/AndroidManifest.xml
uses-permission#android.permission.ACCESS_NETWORK_STATE
ADDED from src/main/AndroidManifest.xml:5:5-79
MERGED from [com.google.android.gms:play-services-maps:7.5.0] AndroidManifest.xml:20:5-78
MERGED from [com.google.android.gms:play-services-maps:7.5.0] AndroidManifest.xml:20:5-78
	android:name
		ADDED from src/main/AndroidManifest.xml:5:22-76
uses-permission#android.permission.WRITE_EXTERNAL_STORAGE
ADDED from src/main/AndroidManifest.xml:6:5-81
MERGED from [com.google.android.gms:play-services-maps:7.5.0] AndroidManifest.xml:22:5-80
MERGED from [com.google.android.gms:play-services-maps:7.5.0] AndroidManifest.xml:22:5-80
	android:name
		ADDED from src/main/AndroidManifest.xml:6:22-78
uses-permission#android.permission.READ_EXTERNAL_STORAGE
ADDED from src/main/AndroidManifest.xml:7:5-80
	android:name
		ADDED from src/main/AndroidManifest.xml:7:22-77
uses-permission#android.permission.INTERNET
ADDED from src/main/AndroidManifest.xml:8:5-67
MERGED from [com.google.android.gms:play-services-maps:7.5.0] AndroidManifest.xml:21:5-66
MERGED from [com.google.android.gms:play-services-maps:7.5.0] AndroidManifest.xml:21:5-66
	android:name
		ADDED from src/main/AndroidManifest.xml:8:22-64
uses-permission#android.permission.ACCESS_FINE_LOCATION
ADDED from src/main/AndroidManifest.xml:9:5-79
	android:name
		ADDED from src/main/AndroidManifest.xml:9:22-76
uses-permission#com.google.android.providers.gsf.permission.READ_GSERVICES
ADDED from src/main/AndroidManifest.xml:10:5-98
	android:name
		ADDED from src/main/AndroidManifest.xml:10:22-95
uses-permission#android.permission.ACCESS_COARSE_LOCATION
ADDED from src/main/AndroidManifest.xml:11:5-81
MERGED from [com.google.android.gms:play-services-maps:7.5.0] AndroidManifest.xml:23:5-80
MERGED from [com.google.android.gms:play-services-maps:7.5.0] AndroidManifest.xml:23:5-80
	android:name
		ADDED from src/main/AndroidManifest.xml:11:22-78
uses-permission#android.permission.READ_SYNC_SETTINGS
ADDED from src/main/AndroidManifest.xml:12:5-77
	android:name
		ADDED from src/main/AndroidManifest.xml:12:22-74
uses-permission#android.permission.WRITE_SYNC_SETTINGS
ADDED from src/main/AndroidManifest.xml:13:5-78
	android:name
		ADDED from src/main/AndroidManifest.xml:13:22-75
uses-permission#android.permission.AUTHENTICATE_ACCOUNTS
ADDED from src/main/AndroidManifest.xml:14:5-80
	android:name
		ADDED from src/main/AndroidManifest.xml:14:22-77
uses-permission#android.permission.RECEIVE_BOOT_COMPLETED
ADDED from src/main/AndroidManifest.xml:15:5-81
	android:name
		ADDED from src/main/AndroidManifest.xml:15:22-78
application
ADDED from src/main/AndroidManifest.xml:17:5-141:19
MERGED from [org.lucasr.twowayview:twowayview:0.1.4] AndroidManifest.xml:26:5-20
MERGED from [com.android.support:support-v4:22.2.0] AndroidManifest.xml:22:5-20
MERGED from [com.android.support:appcompat-v7:22.2.0] AndroidManifest.xml:22:5-20
MERGED from [com.android.support:support-v4:22.2.0] AndroidManifest.xml:22:5-20
MERGED from [com.google.android.gms:play-services-maps:7.5.0] AndroidManifest.xml:29:5-20
MERGED from [com.google.android.gms:play-services-base:7.5.0] AndroidManifest.xml:20:5-24:19
MERGED from [com.android.support:support-v4:22.2.0] AndroidManifest.xml:22:5-20
MERGED from [com.google.android.gms:play-services-location:7.5.0] AndroidManifest.xml:19:5-20
MERGED from [com.google.android.gms:play-services-base:7.5.0] AndroidManifest.xml:20:5-24:19
MERGED from [com.android.support:support-v4:22.2.0] AndroidManifest.xml:22:5-20
MERGED from [com.google.android.gms:play-services-maps:7.5.0] AndroidManifest.xml:29:5-20
MERGED from [com.google.android.gms:play-services-base:7.5.0] AndroidManifest.xml:20:5-24:19
MERGED from [com.android.support:support-v4:22.2.0] AndroidManifest.xml:22:5-20
MERGED from [com.nispok:snackbar:2.10.10] AndroidManifest.xml:10:5-20
MERGED from [com.android.support:recyclerview-v7:22.0.0] AndroidManifest.xml:22:5-26:19
MERGED from [com.android.support:support-v4:22.2.0] AndroidManifest.xml:22:5-20
	android:label
		ADDED from src/main/AndroidManifest.xml:20:9-41
	android:allowBackup
		ADDED from src/main/AndroidManifest.xml:18:9-35
	android:icon
		ADDED from src/main/AndroidManifest.xml:19:9-45
	android:theme
		ADDED from src/main/AndroidManifest.xml:21:9-40
activity#nsit.app.com.nsitapp.MainActivity
ADDED from src/main/AndroidManifest.xml:22:9-30:20
	android:label
		ADDED from src/main/AndroidManifest.xml:24:13-45
	android:name
		ADDED from src/main/AndroidManifest.xml:23:13-41
intent-filter#android.intent.action.MAIN+android.intent.category.LAUNCHER
ADDED from src/main/AndroidManifest.xml:25:13-29:29
action#android.intent.action.MAIN
ADDED from src/main/AndroidManifest.xml:26:17-69
	android:name
		ADDED from src/main/AndroidManifest.xml:26:25-66
category#android.intent.category.LAUNCHER
ADDED from src/main/AndroidManifest.xml:28:17-77
	android:name
		ADDED from src/main/AndroidManifest.xml:28:27-74
activity#nsit.app.com.nsitapp.Decsription
ADDED from src/main/AndroidManifest.xml:31:9-33:66
	android:label
		ADDED from src/main/AndroidManifest.xml:33:13-63
	android:name
		ADDED from src/main/AndroidManifest.xml:32:13-40
activity#nsit.app.com.nsitapp.Description_FullImage
ADDED from src/main/AndroidManifest.xml:34:9-36:60
	android:label
		ADDED from src/main/AndroidManifest.xml:36:13-57
	android:name
		ADDED from src/main/AndroidManifest.xml:35:13-50
activity#nsit.app.com.nsitapp.Hangout_CollegeLocationMapView
ADDED from src/main/AndroidManifest.xml:37:9-39:47
	android:label
		ADDED from src/main/AndroidManifest.xml:39:13-44
	android:name
		ADDED from src/main/AndroidManifest.xml:38:13-59
activity#nsit.app.com.nsitapp.Hangout_collegeLocations
ADDED from src/main/AndroidManifest.xml:40:9-42:47
	android:label
		ADDED from src/main/AndroidManifest.xml:42:13-44
	android:name
		ADDED from src/main/AndroidManifest.xml:41:13-53
activity#nsit.app.com.nsitapp.ChooseClass
ADDED from src/main/AndroidManifest.xml:43:9-45:38
	android:label
		ADDED from src/main/AndroidManifest.xml:45:13-35
	android:name
		ADDED from src/main/AndroidManifest.xml:44:13-40
activity#nsit.app.com.nsitapp.ChooseFeedItems
ADDED from src/main/AndroidManifest.xml:46:9-48:72
	android:label
		ADDED from src/main/AndroidManifest.xml:48:13-69
	android:name
		ADDED from src/main/AndroidManifest.xml:47:13-44
activity#nsit.app.com.nsitapp.SubjectsShow
ADDED from src/main/AndroidManifest.xml:49:9-51:68
	android:label
		ADDED from src/main/AndroidManifest.xml:51:13-65
	android:name
		ADDED from src/main/AndroidManifest.xml:50:13-41
activity#nsit.app.com.nsitapp.SubjectRemove
ADDED from src/main/AndroidManifest.xml:52:9-54:69
	android:label
		ADDED from src/main/AndroidManifest.xml:54:13-66
	android:name
		ADDED from src/main/AndroidManifest.xml:53:13-42
activity#nsit.app.com.nsitapp.ProfList
ADDED from src/main/AndroidManifest.xml:55:9-57:69
	android:label
		ADDED from src/main/AndroidManifest.xml:57:13-66
	android:name
		ADDED from src/main/AndroidManifest.xml:56:13-37
activity#nsit.app.com.nsitapp.NotificationSettings
ADDED from src/main/AndroidManifest.xml:59:9-61:63
	android:label
		ADDED from src/main/AndroidManifest.xml:60:19-48
	android:parentActivityName
		ADDED from src/main/AndroidManifest.xml:61:19-61
	android:name
		ADDED from src/main/AndroidManifest.xml:59:19-55
meta-data#com.google.android.gms.version
ADDED from src/main/AndroidManifest.xml:64:9-66:69
MERGED from [com.google.android.gms:play-services-base:7.5.0] AndroidManifest.xml:21:9-23:69
MERGED from [com.google.android.gms:play-services-base:7.5.0] AndroidManifest.xml:21:9-23:69
MERGED from [com.google.android.gms:play-services-base:7.5.0] AndroidManifest.xml:21:9-23:69
	android:name
		ADDED from src/main/AndroidManifest.xml:65:13-58
	android:value
		ADDED from src/main/AndroidManifest.xml:66:13-66
meta-data#com.google.android.geo.API_KEY
ADDED from src/main/AndroidManifest.xml:67:9-69:71
	android:name
		ADDED from src/main/AndroidManifest.xml:68:13-58
	android:value
		ADDED from src/main/AndroidManifest.xml:69:13-68
provider#nsit.app.com.nsitapp.data.ContestProvider
ADDED from src/main/AndroidManifest.xml:71:9-76:39
	android:label
		ADDED from src/main/AndroidManifest.xml:75:13-47
	android:syncable
		ADDED from src/main/AndroidManifest.xml:76:13-36
	android:exported
		ADDED from src/main/AndroidManifest.xml:74:13-37
	android:authorities
		ADDED from src/main/AndroidManifest.xml:73:13-55
	android:name
		ADDED from src/main/AndroidManifest.xml:72:13-49
service#nsit.app.com.nsitapp.sync.AuthenticatorService
ADDED from src/main/AndroidManifest.xml:78:9-86:19
	android:name
		ADDED from src/main/AndroidManifest.xml:78:18-59
intent-filter#android.accounts.AccountAuthenticator
ADDED from src/main/AndroidManifest.xml:79:13-81:29
action#android.accounts.AccountAuthenticator
ADDED from src/main/AndroidManifest.xml:80:17-80
	android:name
		ADDED from src/main/AndroidManifest.xml:80:25-77
meta-data#android.accounts.AccountAuthenticator
ADDED from src/main/AndroidManifest.xml:83:13-85:57
	android:resource
		ADDED from src/main/AndroidManifest.xml:85:17-54
	android:name
		ADDED from src/main/AndroidManifest.xml:84:17-69
service#nsit.app.com.nsitapp.sync.SyncService
ADDED from src/main/AndroidManifest.xml:87:9-98:19
	android:process
		ADDED from src/main/AndroidManifest.xml:90:13-36
	android:exported
		ADDED from src/main/AndroidManifest.xml:89:13-36
	android:name
		ADDED from src/main/AndroidManifest.xml:88:13-45
intent-filter#android.content.SyncAdapter
ADDED from src/main/AndroidManifest.xml:91:13-93:29
action#android.content.SyncAdapter
ADDED from src/main/AndroidManifest.xml:92:17-70
	android:name
		ADDED from src/main/AndroidManifest.xml:92:25-67
meta-data#android.content.SyncAdapter
ADDED from src/main/AndroidManifest.xml:95:13-97:55
	android:resource
		ADDED from src/main/AndroidManifest.xml:97:17-52
	android:name
		ADDED from src/main/AndroidManifest.xml:96:17-59
receiver#nsit.app.com.nsitapp.PushNotification.MyAlarmReceiver
ADDED from src/main/AndroidManifest.xml:99:9-105:20
	android:process
		ADDED from src/main/AndroidManifest.xml:101:13-38
	android:name
		ADDED from src/main/AndroidManifest.xml:100:13-61
intent-filter#nsit.app.com.nsitapp.PushNotification.MyAlarmReceiver
ADDED from src/main/AndroidManifest.xml:102:13-104:29
action#nsit.app.com.nsitapp.PushNotification.MyAlarmReceiver
ADDED from src/main/AndroidManifest.xml:103:17-96
	android:name
		ADDED from src/main/AndroidManifest.xml:103:25-93
service#nsit.app.com.nsitapp.PushNotification.MyNotifiactionService
ADDED from src/main/AndroidManifest.xml:107:9-109:40
	android:exported
		ADDED from src/main/AndroidManifest.xml:109:13-37
	android:name
		ADDED from src/main/AndroidManifest.xml:108:13-67
activity#nsit.app.com.nsitapp.view.ContestDetailActivity
ADDED from src/main/AndroidManifest.xml:112:9-121:20
	android:screenOrientation
		ADDED from src/main/AndroidManifest.xml:116:13-49
	android:label
		ADDED from src/main/AndroidManifest.xml:114:13-66
	android:theme
		ADDED from src/main/AndroidManifest.xml:117:13-45
	android:parentActivityName
		ADDED from src/main/AndroidManifest.xml:115:13-70
	android:name
		ADDED from src/main/AndroidManifest.xml:113:13-55
meta-data#android.support.PARENT_ACTIVITY
ADDED from src/main/AndroidManifest.xml:118:13-120:64
	android:name
		ADDED from src/main/AndroidManifest.xml:119:17-63
	android:value
		ADDED from src/main/AndroidManifest.xml:120:17-61
activity#nsit.app.com.nsitapp.view.CodeRadar_MainActivity
ADDED from src/main/AndroidManifest.xml:123:9-126:47
	android:label
		ADDED from src/main/AndroidManifest.xml:125:13-68
	android:theme
		ADDED from src/main/AndroidManifest.xml:126:13-45
	android:name
		ADDED from src/main/AndroidManifest.xml:124:13-56
activity#nsit.app.com.nsitapp.PlaceMapActivity
ADDED from src/main/AndroidManifest.xml:127:9-130:47
	android:label
		ADDED from src/main/AndroidManifest.xml:129:13-41
	android:theme
		ADDED from src/main/AndroidManifest.xml:130:13-44
	android:name
		ADDED from src/main/AndroidManifest.xml:128:13-45
activity#nsit.app.com.nsitapp.HangoutsTypeDisplay
ADDED from src/main/AndroidManifest.xml:131:9-57
	android:name
		ADDED from src/main/AndroidManifest.xml:131:19-54
activity#nsit.app.com.nsitapp.Sub_load
ADDED from src/main/AndroidManifest.xml:134:9-137:20
	android:theme
		ADDED from src/main/AndroidManifest.xml:136:13-44
	android:name
		ADDED from src/main/AndroidManifest.xml:135:13-37
uses-sdk
INJECTED from src/main/AndroidManifest.xml reason: use-sdk injection requested
MERGED from [org.lucasr.twowayview:twowayview:0.1.4] AndroidManifest.xml:22:5-24:41
MERGED from [com.android.support:support-v4:22.2.0] AndroidManifest.xml:20:5-43
MERGED from [com.android.support:appcompat-v7:22.2.0] AndroidManifest.xml:20:5-43
MERGED from [com.android.support:support-v4:22.2.0] AndroidManifest.xml:20:5-43
MERGED from [com.google.android.gms:play-services-maps:7.5.0] AndroidManifest.xml:28:5-42
MERGED from [com.google.android.gms:play-services-base:7.5.0] AndroidManifest.xml:18:5-42
MERGED from [com.android.support:support-v4:22.2.0] AndroidManifest.xml:20:5-43
MERGED from [com.google.android.gms:play-services-location:7.5.0] AndroidManifest.xml:18:5-42
MERGED from [com.google.android.gms:play-services-base:7.5.0] AndroidManifest.xml:18:5-42
MERGED from [com.android.support:support-v4:22.2.0] AndroidManifest.xml:20:5-43
MERGED from [com.google.android.gms:play-services-maps:7.5.0] AndroidManifest.xml:28:5-42
MERGED from [com.google.android.gms:play-services-base:7.5.0] AndroidManifest.xml:18:5-42
MERGED from [com.android.support:support-v4:22.2.0] AndroidManifest.xml:20:5-43
MERGED from [com.nispok:snackbar:2.10.10] AndroidManifest.xml:6:5-8:41
MERGED from [com.android.support:recyclerview-v7:22.0.0] AndroidManifest.xml:20:5-43
MERGED from [com.android.support:support-v4:22.2.0] AndroidManifest.xml:20:5-43
	android:targetSdkVersion
		INJECTED from src/main/AndroidManifest.xml
		INJECTED from src/main/AndroidManifest.xml
	android:minSdkVersion
		INJECTED from src/main/AndroidManifest.xml
		INJECTED from src/main/AndroidManifest.xml
uses-feature#0x00020000
ADDED from [com.google.android.gms:play-services-maps:7.5.0] AndroidManifest.xml:24:5-26:33
MERGED from [com.google.android.gms:play-services-maps:7.5.0] AndroidManifest.xml:24:5-26:33
	android:required
		ADDED from [com.google.android.gms:play-services-maps:7.5.0] AndroidManifest.xml:26:8-31
	android:glEsVersion
		ADDED from [com.google.android.gms:play-services-maps:7.5.0] AndroidManifest.xml:25:8-40
activity#android.support.v7.widget.TestActivity
ADDED from [com.android.support:recyclerview-v7:22.0.0] AndroidManifest.xml:23:9-25:56
	android:label
		ADDED from [com.android.support:recyclerview-v7:22.0.0] AndroidManifest.xml:25:13-53
	android:name
		ADDED from [com.android.support:recyclerview-v7:22.0.0] AndroidManifest.xml:24:13-66